<?xml version="1.0" encoding="UTF-8"?>
<testsuite xmlns:xsi="http://www.w3.org/2001/XMLSchema-instance" xsi:noNamespaceSchemaLocation="https://maven.apache.org/surefire/maven-surefire-plugin/xsd/surefire-test-report.xsd" name="com.epam.sum_university.AppTest" time="5.864" tests="3" errors="0" skipped="0" failures="3">
  <properties>
[...]
</properties>
  <testcase name="openMainPageTest" classname="com.epam.sum_university.AppTest" time="0.473">
    <failure message="Could not start a new session. Possible causes are invalid address of the remote server or browser start-up failure.&#10;Build info: version: &apos;3.141.59&apos;, revision: &apos;e82be7d358&apos;, time: &apos;2018-11-14T08:17:03&apos;&#10;System info: host: &apos;Admins-MacBook-Pro.local&apos;, ip: &apos;fe80:0:0:0:c1:7f2d:8fa2:2187%en0&apos;, os.name: &apos;Mac OS X&apos;, os.arch: &apos;x86_64&apos;, os.version: &apos;10.15.7&apos;, java.version: &apos;17.0.1&apos;&#10;Driver info: driver.version: RemoteWebDriver" type="org.openqa.selenium.remote.UnreachableBrowserException">org.openqa.selenium.remote.UnreachableBrowserException: 
Could not start a new session. Possible causes are invalid address of the remote server or browser start-up failure.
Build info: version: '3.141.59', revision: 'e82be7d358', time: '2018-11-14T08:17:03'
System info: host: 'Admins-MacBook-Pro.local', ip: 'fe80:0:0:0:c1:7f2d:8fa2:2187%en0', os.name: 'Mac OS X', os.arch: 'x86_64', os.version: '10.15.7', java.version: '17.0.1'
Driver info: driver.version: RemoteWebDriver
	at com.epam.sum_university.AppTest.openMainPageTest(AppTest.java:26)
Caused by: java.net.ConnectException: Failed to connect to /192.168.1.108:4444
	at com.epam.sum_university.AppTest.openMainPageTest(AppTest.java:26)
Caused by: java.net.ConnectException: Connection refused
	at com.epam.sum_university.AppTest.openMainPageTest(AppTest.java:26)
</failure>
  </testcase>
  <testcase name="searchInputPlaceholderTest" classname="com.epam.sum_university.AppTest" time="0.015">
    <failure message="Could not start a new session. Possible causes are invalid address of the remote server or browser start-up failure.&#10;Build info: version: &apos;3.141.59&apos;, revision: &apos;e82be7d358&apos;, time: &apos;2018-11-14T08:17:03&apos;&#10;System info: host: &apos;Admins-MacBook-Pro.local&apos;, ip: &apos;fe80:0:0:0:c1:7f2d:8fa2:2187%en0&apos;, os.name: &apos;Mac OS X&apos;, os.arch: &apos;x86_64&apos;, os.version: &apos;10.15.7&apos;, java.version: &apos;17.0.1&apos;&#10;Driver info: driver.version: RemoteWebDriver" type="org.openqa.selenium.remote.UnreachableBrowserException">org.openqa.selenium.remote.UnreachableBrowserException: 
Could not start a new session. Possible causes are invalid address of the remote server or browser start-up failure.
Build info: version: '3.141.59', revision: 'e82be7d358', time: '2018-11-14T08:17:03'
System info: host: 'Admins-MacBook-Pro.local', ip: 'fe80:0:0:0:c1:7f2d:8fa2:2187%en0', os.name: 'Mac OS X', os.arch: 'x86_64', os.version: '10.15.7', java.version: '17.0.1'
Driver info: driver.version: RemoteWebDriver
	at com.epam.sum_university.AppTest.searchInputPlaceholderTest(AppTest.java:43)
Caused by: java.net.ConnectException: Failed to connect to /192.168.1.108:4444
	at com.epam.sum_university.AppTest.searchInputPlaceholderTest(AppTest.java:43)
Caused by: java.net.ConnectException: Connection refused
	at com.epam.sum_university.AppTest.searchInputPlaceholderTest(AppTest.java:43)
</failure>
  </testcase>
  <testcase name="subMenuTest" classname="com.epam.sum_university.AppTest" time="0.009">
    <failure message="Could not start a new session. Possible causes are invalid address of the remote server or browser start-up failure.&#10;Build info: version: &apos;3.141.59&apos;, revision: &apos;e82be7d358&apos;, time: &apos;2018-11-14T08:17:03&apos;&#10;System info: host: &apos;Admins-MacBook-Pro.local&apos;, ip: &apos;fe80:0:0:0:c1:7f2d:8fa2:2187%en0&apos;, os.name: &apos;Mac OS X&apos;, os.arch: &apos;x86_64&apos;, os.version: &apos;10.15.7&apos;, java.version: &apos;17.0.1&apos;&#10;Driver info: driver.version: RemoteWebDriver" type="org.openqa.selenium.remote.UnreachableBrowserException">org.openqa.selenium.remote.UnreachableBrowserException: 
Could not start a new session. Possible causes are invalid address of the remote server or browser start-up failure.
Build info: version: '3.141.59', revision: 'e82be7d358', time: '2018-11-14T08:17:03'
System info: host: 'Admins-MacBook-Pro.local', ip: 'fe80:0:0:0:c1:7f2d:8fa2:2187%en0', os.name: 'Mac OS X', os.arch: 'x86_64', os.version: '10.15.7', java.version: '17.0.1'
Driver info: driver.version: RemoteWebDriver
	at com.epam.sum_university.AppTest.subMenuTest(AppTest.java:62)
Caused by: java.net.ConnectException: Failed to connect to /192.168.1.108:4444
	at com.epam.sum_university.AppTest.subMenuTest(AppTest.java:62)
Caused by: java.net.ConnectException: Connection refused
	at com.epam.sum_university.AppTest.subMenuTest(AppTest.java:62)
</failure>
  </testcase>
</testsuite>